2025-02-17 11:10:08,209 [INFO] Activator:176 - 


2025-02-17 11:10:08,211 [INFO] Activator:177 - !SESSION log4j initialized
2025-02-17 11:10:10,992 [INFO] LogOutputStream:77 - [STDOUT_REDIRECT] 
2025-02-17 11:10:12,958 [INFO] ApplicationProperties:184 - Using Application install path: C:\ST\STM32CubeIDE_1.16.1\STM32CubeIDE\plugins\com.st.stm32cube.common.mx_6.12.1.202409122256
2025-02-17 11:10:12,977 [INFO] DbMcusXml:78 - Set database path to: C:\ST\STM32CubeIDE_1.16.1\STM32CubeIDE\plugins\com.st.stm32cube.common.mx_6.12.1.202409122256\\db\/mcu/
2025-02-17 11:10:12,978 [INFO] ApiDb:274 - Set plugin database path to: C:\ST\STM32CubeIDE_1.16.1\STM32CubeIDE\plugins\com.st.stm32cube.common.mx_6.12.1.202409122256\\db\/plugins/boardmanager/
2025-02-17 11:10:12,978 [WARN] ApiDb:259 - Overriding images path with different value:  => C:\ST\STM32CubeIDE_1.16.1\STM32CubeIDE\plugins\com.st.stm32cube.common.mx_6.12.1.202409122256\\db\/plugins/mcufinder/images/
2025-02-17 11:10:12,985 [INFO] ApiDb:250 - Set database path to: C:\Users\buikh\.stmcufinder\plugins\mcufinder//mcu/
2025-02-17 11:10:12,986 [INFO] DbMcusAds:125 - Set database path to: C:\Users\buikh\.stmcufinder\plugins\mcufinder//mcu/
2025-02-17 11:10:12,989 [INFO] CrossReferenceDbSqlite:203 - Set database path to: C:\Users\buikh\.stmcufinder\plugins\mcufinder//mcu/cs/
2025-02-17 11:10:13,129 [INFO] RulesReader:64 - Compatibility file has been processed (297 Rules)
2025-02-17 11:10:13,218 [INFO] DbMcusXml:78 - Set database path to: C:\ST\STM32CubeIDE_1.16.1\STM32CubeIDE\plugins\com.st.stm32cube.common.mx_6.12.1.202409122256\\db\/mcu/
2025-02-17 11:10:13,219 [INFO] ApiDb:274 - Set plugin database path to: C:\ST\STM32CubeIDE_1.16.1\STM32CubeIDE\plugins\com.st.stm32cube.common.mx_6.12.1.202409122256\\db\/plugins/boardmanager/
2025-02-17 11:10:13,219 [INFO] ApiDb:261 - Set plugin images path to: C:\ST\STM32CubeIDE_1.16.1\STM32CubeIDE\plugins\com.st.stm32cube.common.mx_6.12.1.202409122256\\db\/plugins/mcufinder/images/
2025-02-17 11:10:13,219 [WARN] DbFile:41 - Overriding database path with different value: C:\Users\buikh\.stmcufinder\plugins\mcufinder/ => C:\Users\buikh\.stmcufinder\plugins\mcufinder
2025-02-17 11:10:13,219 [INFO] ApiDb:250 - Set database path to: C:\Users\buikh\.stmcufinder\plugins\mcufinder//mcu/
2025-02-17 11:10:13,220 [WARN] DbFile:41 - Overriding database path with different value: C:\Users\buikh\.stmcufinder\plugins\mcufinder/ => C:\Users\buikh\.stmcufinder\plugins\mcufinder
2025-02-17 11:10:13,220 [INFO] DbMcusAds:125 - Set database path to: C:\Users\buikh\.stmcufinder\plugins\mcufinder//mcu/
2025-02-17 11:10:13,220 [WARN] DbFile:41 - Overriding database path with different value: C:\Users\buikh\.stmcufinder\plugins\mcufinder/ => C:\Users\buikh\.stmcufinder\plugins\mcufinder
2025-02-17 11:10:13,220 [WARN] DbFile:41 - Overriding database path with different value: C:\Users\buikh\.stmcufinder\plugins\mcufinder/ => C:\Users\buikh\.stmcufinder\plugins\mcufinder
2025-02-17 11:10:13,220 [INFO] CrossReferenceDbSqlite:203 - Set database path to: C:\Users\buikh\.stmcufinder\plugins\mcufinder//mcu/cs/
2025-02-17 11:10:13,340 [INFO] MainPanel:268 - HeapMemory: 268435456
2025-02-17 11:10:13,464 [INFO] DbMcusXml:78 - Set database path to: C:\ST\STM32CubeIDE_1.16.1\STM32CubeIDE\plugins\com.st.stm32cube.common.mx_6.12.1.202409122256\\db\/mcu/
2025-02-17 11:10:13,464 [INFO] ApiDb:274 - Set plugin database path to: C:\ST\STM32CubeIDE_1.16.1\STM32CubeIDE\plugins\com.st.stm32cube.common.mx_6.12.1.202409122256\\db\/plugins/boardmanager/
2025-02-17 11:10:13,464 [INFO] ApiDb:261 - Set plugin images path to: C:\ST\STM32CubeIDE_1.16.1\STM32CubeIDE\plugins\com.st.stm32cube.common.mx_6.12.1.202409122256\\db\/plugins/mcufinder/images/
2025-02-17 11:10:13,465 [WARN] DbFile:41 - Overriding database path with different value: C:\Users\buikh\.stmcufinder\plugins\mcufinder/ => C:\Users\buikh\.stmcufinder\plugins\mcufinder
2025-02-17 11:10:13,465 [INFO] ApiDb:250 - Set database path to: C:\Users\buikh\.stmcufinder\plugins\mcufinder//mcu/
2025-02-17 11:10:13,465 [WARN] DbFile:41 - Overriding database path with different value: C:\Users\buikh\.stmcufinder\plugins\mcufinder/ => C:\Users\buikh\.stmcufinder\plugins\mcufinder
2025-02-17 11:10:13,465 [INFO] DbMcusAds:125 - Set database path to: C:\Users\buikh\.stmcufinder\plugins\mcufinder//mcu/
2025-02-17 11:10:13,465 [WARN] DbFile:41 - Overriding database path with different value: C:\Users\buikh\.stmcufinder\plugins\mcufinder/ => C:\Users\buikh\.stmcufinder\plugins\mcufinder
2025-02-17 11:10:13,465 [WARN] DbFile:41 - Overriding database path with different value: C:\Users\buikh\.stmcufinder\plugins\mcufinder/ => C:\Users\buikh\.stmcufinder\plugins\mcufinder
2025-02-17 11:10:13,465 [INFO] CrossReferenceDbSqlite:203 - Set database path to: C:\Users\buikh\.stmcufinder\plugins\mcufinder//mcu/cs/
2025-02-17 11:10:13,487 [INFO] ApplicationProperties:184 - Using Application install path: C:\ST\STM32CubeIDE_1.16.1\STM32CubeIDE\plugins\com.st.stm32cube.common.mx_6.12.1.202409122256
2025-02-17 11:10:13,489 [INFO] PluginManage:196 - Search for loadable plugins [exclusion list=, ]
2025-02-17 11:10:13,490 [INFO] PluginManage:310 - Check plugin analytics
2025-02-17 11:10:13,641 [INFO] AnalyticsPlugin:253 - Accepted Software Licenses: 
2025-02-17 11:10:13,641 [INFO] AnalyticsPlugin:255 - Accepted CMSIS Pack Licenses: STMicroelectronics.X-CUBE-TOUCHGFX.4.23.2
2025-02-17 11:10:13,641 [INFO] AnalyticsPlugin:257 - Accepted Firmware Licenses: FW.F4.1.28.0
2025-02-17 11:10:13,642 [INFO] PluginManage:359 - Loaded plugin analytics (category:tool,tabindex:-1)
2025-02-17 11:10:13,644 [INFO] PluginManage:310 - Check plugin cadmodel
2025-02-17 11:10:13,647 [INFO] CADModel:105 - Init CAD model plugin
2025-02-17 11:10:13,648 [INFO] PluginManage:359 - Loaded plugin cadmodel (category:power,tabindex:5)
2025-02-17 11:10:13,648 [INFO] PluginManage:310 - Check plugin clock
2025-02-17 11:10:13,660 [INFO] PluginManage:359 - Loaded plugin clock (category:base,tabindex:2)
2025-02-17 11:10:13,660 [INFO] PluginManage:310 - Check plugin ddr
2025-02-17 11:10:13,662 [INFO] PluginManage:359 - Loaded plugin ddr (category:tool,tabindex:6)
2025-02-17 11:10:13,662 [INFO] PluginManage:310 - Check plugin filemanager
2025-02-17 11:10:13,966 [INFO] PluginManage:359 - Loaded plugin filemanager (category:base,tabindex:10)
2025-02-17 11:10:13,967 [INFO] PluginManage:310 - Check plugin ipmanager
2025-02-17 11:10:13,985 [INFO] PluginManage:359 - Loaded plugin ipmanager (category:base,tabindex:5)
2025-02-17 11:10:13,985 [INFO] PluginManage:310 - Check plugin lpbam
2025-02-17 11:10:14,004 [INFO] PluginManage:359 - Loaded plugin lpbam (category:base,tabindex:0)
2025-02-17 11:10:14,007 [INFO] PluginManage:310 - Check plugin memorymap
2025-02-17 11:10:14,103 [INFO] PluginManage:359 - Loaded plugin memorymap (category:base,tabindex:4)
2025-02-17 11:10:14,104 [INFO] PluginManage:310 - Check plugin pinoutandconfiguration
2025-02-17 11:10:14,109 [INFO] PluginManage:359 - Loaded plugin pinoutandconfiguration (category:base,tabindex:1)
2025-02-17 11:10:14,109 [INFO] PluginManage:310 - Check plugin pinoutconfig
2025-02-17 11:10:14,216 [WARN] SupportedApi:132 - Cannot load RTOS API schema: s4s-elt-must-match.1: The content of 'definitions' must match (annotation?, (simpleType | complexType)?, (unique | key | keyref)*)). A problem was found starting at: attribute.
2025-02-17 11:10:14,363 [INFO] PluginManage:359 - Loaded plugin pinoutconfig (category:base,tabindex:0)
2025-02-17 11:10:14,363 [INFO] PluginManage:310 - Check plugin power
2025-02-17 11:10:14,374 [INFO] PluginManage:359 - Loaded plugin power (category:power,tabindex:4)
2025-02-17 11:10:14,375 [INFO] PluginManage:310 - Check plugin projectmanager
2025-02-17 11:10:14,396 [INFO] PluginManage:359 - Loaded plugin projectmanager (category:projectmanager,tabindex:4)
2025-02-17 11:10:14,396 [INFO] PluginManage:310 - Check plugin rif
2025-02-17 11:10:14,405 [INFO] PluginManage:359 - Loaded plugin rif (category:base,tabindex:3)
2025-02-17 11:10:14,405 [INFO] PluginManage:310 - Check plugin thirdparty
2025-02-17 11:10:14,539 [INFO] PluginManage:359 - Loaded plugin thirdparty (category:base,tabindex:-1)
2025-02-17 11:10:14,539 [INFO] PluginManage:310 - Check plugin tools
2025-02-17 11:10:14,539 [WARN] IntegrityCheckThread:84 - waiting for thirdparty lock release [integrity check]
2025-02-17 11:10:14,539 [INFO] IntegrityCheckThread:86 - entering critical section [integrity check]
2025-02-17 11:10:14,540 [INFO] ThirdPartyUpdaterWithRetryManager:70 - Updater plugin not ready yet. [1/15]
2025-02-17 11:10:14,541 [INFO] PluginManage:359 - Loaded plugin tools (category:base,tabindex:7)
2025-02-17 11:10:14,541 [INFO] PluginManage:310 - Check plugin tutovideos
2025-02-17 11:10:14,723 [INFO] PluginManage:359 - Loaded plugin tutovideos (category:base,tabindex:-1)
2025-02-17 11:10:14,723 [INFO] PluginManage:310 - Check plugin updater
2025-02-17 11:10:14,739 [INFO] PluginManage:359 - Loaded plugin updater (category:base,tabindex:12)
2025-02-17 11:10:14,739 [INFO] PluginManage:310 - Check plugin userauth
2025-02-17 11:10:14,744 [INFO] UserAuth:113 - Init User Auth plugin
2025-02-17 11:10:14,744 [INFO] PluginManage:359 - Loaded plugin userauth (category:base,tabindex:14)
2025-02-17 11:10:14,745 [INFO] PluginManage:283 - PluginManage : Loaded plugins [18]
2025-02-17 11:10:14,952 [INFO] PinOutPanel:1561 - setPackage(No Configuration,No Configuration)
2025-02-17 11:10:15,043 [INFO] CADModel:165 - CPN selected for project level
2025-02-17 11:10:15,043 [INFO] CADModel:114 - Register for checkConnection events
2025-02-17 11:10:15,057 [INFO] IPUIPlugin:80 - create IPUIPlugin
2025-02-17 11:10:15,058 [INFO] PluginManager:220 - loadIPPluginJar : add adc
2025-02-17 11:10:15,060 [INFO] IPUIPlugin:80 - create IPUIPlugin
2025-02-17 11:10:15,060 [INFO] PluginManager:220 - loadIPPluginJar : add aes
2025-02-17 11:10:15,062 [INFO] IPUIPlugin:80 - create IPUIPlugin
2025-02-17 11:10:15,063 [INFO] PluginManager:220 - loadIPPluginJar : add can
2025-02-17 11:10:15,064 [INFO] IPUIPlugin:80 - create IPUIPlugin
2025-02-17 11:10:15,066 [INFO] PluginManager:220 - loadIPPluginJar : add comp
2025-02-17 11:10:15,068 [INFO] IPUIPlugin:80 - create IPUIPlugin
2025-02-17 11:10:15,069 [INFO] PluginManager:220 - loadIPPluginJar : add cryp
2025-02-17 11:10:15,072 [INFO] IPUIPlugin:80 - create IPUIPlugin
2025-02-17 11:10:15,072 [INFO] PluginManager:220 - loadIPPluginJar : add ddr_ctrl_phy
2025-02-17 11:10:15,074 [INFO] IPUIPlugin:80 - create IPUIPlugin
2025-02-17 11:10:15,074 [INFO] PluginManager:220 - loadIPPluginJar : add dfsdm
2025-02-17 11:10:15,080 [INFO] IPUIPlugin:80 - create IPUIPlugin
2025-02-17 11:10:15,080 [INFO] PluginManager:220 - loadIPPluginJar : add dma
2025-02-17 11:10:15,085 [INFO] IPUIPlugin:80 - create IPUIPlugin
2025-02-17 11:10:15,085 [INFO] PluginManager:220 - loadIPPluginJar : add dma3
2025-02-17 11:10:15,088 [INFO] IPUIPlugin:80 - create IPUIPlugin
2025-02-17 11:10:15,088 [INFO] PluginManager:220 - loadIPPluginJar : add extmemmanager
2025-02-17 11:10:15,089 [INFO] IPUIPlugin:80 - create IPUIPlugin
2025-02-17 11:10:15,090 [INFO] PluginManager:220 - loadIPPluginJar : add fatfs
2025-02-17 11:10:15,094 [INFO] IPUIPlugin:80 - create IPUIPlugin
2025-02-17 11:10:15,094 [INFO] PluginManager:220 - loadIPPluginJar : add fmc
2025-02-17 11:10:15,101 [INFO] IPUIPlugin:80 - create IPUIPlugin
2025-02-17 11:10:15,101 [INFO] PluginManager:220 - loadIPPluginJar : add freertos
2025-02-17 11:10:15,103 [INFO] IPUIPlugin:80 - create IPUIPlugin
2025-02-17 11:10:15,104 [INFO] PluginManager:220 - loadIPPluginJar : add genericplugin
2025-02-17 11:10:15,105 [INFO] IPUIPlugin:80 - create IPUIPlugin
2025-02-17 11:10:15,105 [INFO] PluginManager:220 - loadIPPluginJar : add gfxmmu
2025-02-17 11:10:15,109 [INFO] IPUIPlugin:80 - create IPUIPlugin
2025-02-17 11:10:15,110 [INFO] PluginManager:220 - loadIPPluginJar : add gic
2025-02-17 11:10:15,114 [INFO] IPUIPlugin:80 - create IPUIPlugin
2025-02-17 11:10:15,114 [INFO] PluginManager:220 - loadIPPluginJar : add gpio
2025-02-17 11:10:15,118 [INFO] IPUIPlugin:80 - create IPUIPlugin
2025-02-17 11:10:15,118 [INFO] PluginManager:220 - loadIPPluginJar : add gtzc
2025-02-17 11:10:15,120 [INFO] IPUIPlugin:80 - create IPUIPlugin
2025-02-17 11:10:15,121 [INFO] PluginManager:220 - loadIPPluginJar : add hash
2025-02-17 11:10:15,122 [INFO] IPUIPlugin:80 - create IPUIPlugin
2025-02-17 11:10:15,122 [INFO] PluginManager:220 - loadIPPluginJar : add i2c
2025-02-17 11:10:15,125 [INFO] IPUIPlugin:80 - create IPUIPlugin
2025-02-17 11:10:15,125 [INFO] PluginManager:220 - loadIPPluginJar : add i2s
2025-02-17 11:10:15,128 [INFO] IPUIPlugin:80 - create IPUIPlugin
2025-02-17 11:10:15,128 [INFO] PluginManager:220 - loadIPPluginJar : add i3c
2025-02-17 11:10:15,136 [INFO] IPUIPlugin:80 - create IPUIPlugin
2025-02-17 11:10:15,136 [INFO] PluginManager:220 - loadIPPluginJar : add ipddr
2025-02-17 11:10:15,143 [INFO] IPUIPlugin:80 - create IPUIPlugin
2025-02-17 11:10:15,143 [INFO] PluginManager:220 - loadIPPluginJar : add linkedlist
2025-02-17 11:10:15,145 [INFO] IPUIPlugin:80 - create IPUIPlugin
2025-02-17 11:10:15,145 [INFO] PluginManager:220 - loadIPPluginJar : add lorawan
2025-02-17 11:10:15,146 [INFO] IPUIPlugin:80 - create IPUIPlugin
2025-02-17 11:10:15,146 [INFO] PluginManager:220 - loadIPPluginJar : add ltdc
2025-02-17 11:10:15,152 [INFO] IPUIPlugin:80 - create IPUIPlugin
2025-02-17 11:10:15,152 [INFO] PluginManager:220 - loadIPPluginJar : add mdma
2025-02-17 11:10:15,155 [INFO] IPUIPlugin:80 - create IPUIPlugin
2025-02-17 11:10:15,156 [INFO] PluginManager:220 - loadIPPluginJar : add nvic
2025-02-17 11:10:15,159 [INFO] IPUIPlugin:80 - create IPUIPlugin
2025-02-17 11:10:15,159 [INFO] PluginManager:220 - loadIPPluginJar : add opamp
2025-02-17 11:10:15,161 [INFO] IPUIPlugin:80 - create IPUIPlugin
2025-02-17 11:10:15,161 [INFO] PluginManager:220 - loadIPPluginJar : add openamp
2025-02-17 11:10:15,164 [INFO] IPUIPlugin:80 - create IPUIPlugin
2025-02-17 11:10:15,164 [INFO] PluginManager:220 - loadIPPluginJar : add pdm2pcm
2025-02-17 11:10:15,170 [INFO] IPUIPlugin:80 - create IPUIPlugin
2025-02-17 11:10:15,172 [INFO] PluginManager:220 - loadIPPluginJar : add plateformsettings
2025-02-17 11:10:15,174 [INFO] IPUIPlugin:80 - create IPUIPlugin
2025-02-17 11:10:15,174 [INFO] PluginManager:220 - loadIPPluginJar : add quadspi
2025-02-17 11:10:15,176 [INFO] IPUIPlugin:80 - create IPUIPlugin
2025-02-17 11:10:15,176 [INFO] PluginManager:220 - loadIPPluginJar : add radio
2025-02-17 11:10:15,178 [INFO] IPUIPlugin:80 - create IPUIPlugin
2025-02-17 11:10:15,179 [INFO] PluginManager:220 - loadIPPluginJar : add resmgrutility
2025-02-17 11:10:15,181 [INFO] IPUIPlugin:80 - create IPUIPlugin
2025-02-17 11:10:15,181 [INFO] PluginManager:220 - loadIPPluginJar : add sai
2025-02-17 11:10:15,185 [INFO] IPUIPlugin:80 - create IPUIPlugin
2025-02-17 11:10:15,186 [INFO] PluginManager:220 - loadIPPluginJar : add spi
2025-02-17 11:10:15,190 [INFO] IPUIPlugin:80 - create IPUIPlugin
2025-02-17 11:10:15,190 [INFO] PluginManager:220 - loadIPPluginJar : add stm32_wpan
2025-02-17 11:10:15,192 [INFO] IPUIPlugin:80 - create IPUIPlugin
2025-02-17 11:10:15,193 [INFO] PluginManager:220 - loadIPPluginJar : add tim
2025-02-17 11:10:15,197 [INFO] IPUIPlugin:80 - create IPUIPlugin
2025-02-17 11:10:15,197 [INFO] PluginManager:220 - loadIPPluginJar : add touchsensing
2025-02-17 11:10:15,200 [INFO] IPUIPlugin:80 - create IPUIPlugin
2025-02-17 11:10:15,200 [INFO] PluginManager:220 - loadIPPluginJar : add tracer_emb
2025-02-17 11:10:15,202 [INFO] IPUIPlugin:80 - create IPUIPlugin
2025-02-17 11:10:15,203 [INFO] PluginManager:220 - loadIPPluginJar : add ts
2025-02-17 11:10:15,204 [INFO] IPUIPlugin:80 - create IPUIPlugin
2025-02-17 11:10:15,204 [INFO] PluginManager:220 - loadIPPluginJar : add tsc
2025-02-17 11:10:15,205 [INFO] IPUIPlugin:80 - create IPUIPlugin
2025-02-17 11:10:15,206 [INFO] PluginManager:220 - loadIPPluginJar : add ucpd
2025-02-17 11:10:15,208 [INFO] IPUIPlugin:80 - create IPUIPlugin
2025-02-17 11:10:15,208 [INFO] PluginManager:220 - loadIPPluginJar : add usart
2025-02-17 11:10:15,212 [INFO] IPUIPlugin:80 - create IPUIPlugin
2025-02-17 11:10:15,212 [INFO] PluginManager:220 - loadIPPluginJar : add usbx
2025-02-17 11:10:15,346 [INFO] CADModel:165 - CPN selected for project level
2025-02-17 11:10:15,346 [INFO] CADModel:114 - Register for checkConnection events
2025-02-17 11:10:15,347 [FATAL] Updater:334 - Updater called before beeing initialized
2025-02-17 11:10:15,347 [ERROR] CADModel:125 - Updater not yet initialized, retry later 
2025-02-17 11:10:15,497 [INFO] CADModel:165 - CPN selected for project level
2025-02-17 11:10:15,497 [INFO] CADModel:114 - Register for checkConnection events
2025-02-17 11:10:15,497 [FATAL] Updater:334 - Updater called before beeing initialized
2025-02-17 11:10:15,497 [ERROR] CADModel:125 - Updater not yet initialized, retry later 
2025-02-17 11:10:15,501 [FATAL] Updater:334 - Updater called before beeing initialized
2025-02-17 11:10:15,605 [FATAL] Updater:334 - Updater called before beeing initialized
2025-02-17 11:10:15,610 [INFO] DbMcusAds:53 - JSON generation date=Tue Dec 17 23:01:15 ICT 2024 (1734451275111)
2025-02-17 11:10:15,611 [FATAL] Updater:334 - Updater called before beeing initialized
2025-02-17 11:10:15,641 [WARN] DetailPanel:346 - Failed to get advertising image, set to default
2025-02-17 11:10:15,714 [FATAL] Updater:334 - Updater called before beeing initialized
2025-02-17 11:10:15,716 [FATAL] Updater:334 - Updater called before beeing initialized
2025-02-17 11:10:15,717 [FATAL] Updater:334 - Updater called before beeing initialized
2025-02-17 11:10:15,717 [WARN] DetailPanel:346 - Failed to get advertising image, set to default
2025-02-17 11:10:15,718 [FATAL] Updater:334 - Updater called before beeing initialized
2025-02-17 11:10:15,760 [ERROR] Updater:1164 - MainUpdater not yet initialized. External WinMGr cannot be set.
2025-02-17 11:10:15,764 [INFO] Updater:1100 - Updater Version found : 6.12.1
2025-02-17 11:10:15,792 [INFO] ApplicationProperties:184 - Using Application install path: C:\ST\STM32CubeIDE_1.16.1\STM32CubeIDE\plugins\com.st.stm32cube.common.mx_6.12.1.202409122256
2025-02-17 11:10:17,363 [ERROR] LogOutputStream:75 - [STDERR_REDIRECT] Feb 17, 2025 11:10:17 AM java.util.prefs.WindowsPreferences <init>
2025-02-17 11:10:17,365 [ERROR] LogOutputStream:75 - [STDERR_REDIRECT] WARNING: Could not open/create prefs root node Software\JavaSoft\Prefs at root 0xffffffff80000002. Windows RegCreateKeyEx(...) returned error code 5.
2025-02-17 11:10:17,365 [ERROR] LogOutputStream:75 - [STDERR_REDIRECT] 
2025-02-17 11:10:17,541 [INFO] ThirdPartyUpdaterWithRetryManager:70 - Updater plugin not ready yet. [2/15]
2025-02-17 11:10:17,752 [INFO] MainUpdater:2873 - connection check result : 10
2025-02-17 11:10:17,753 [INFO] MainUpdater:290 - Updater Check For Update Now.
2025-02-17 11:10:17,753 [INFO] MicroXplorer:498 - Change Database Version : DB.6.0.121
2025-02-17 11:10:17,762 [INFO] McuFinderGlobals:63 - Set McuFinder mode to 2 (CubeIDE integrated)
2025-02-17 11:10:17,764 [INFO] UserAuth:417 - Internet connection configuration mode: 1
2025-02-17 11:10:17,789 [INFO] JxBrowserEngine:152 - Initiate JxBrowser Engine with user profile folder
2025-02-17 11:10:17,975 [INFO] CheckServerUpdateThread:120 - End of CheckServer Thread
2025-02-17 11:10:19,004 [INFO] WebApp:167 - Instantiating new browser for Auth
2025-02-17 11:10:20,582 [INFO] WebApp:448 - Apply proxy settings
2025-02-17 11:10:20,582 [INFO] WebApp:533 - Chromium requires no authentication
2025-02-17 11:10:20,666 [INFO] WebApp:476 - Direct internet connection detected
2025-02-17 11:10:20,771 [INFO] WebApp:869 - Register for checkConnection events
2025-02-17 11:10:20,771 [INFO] WebApp:448 - Apply proxy settings
2025-02-17 11:10:20,772 [INFO] WebApp:533 - Chromium requires no authentication
2025-02-17 11:10:20,772 [INFO] WebApp:476 - Direct internet connection detected
2025-02-17 11:10:20,904 [WARN] PackLoader:240 - Cannot read IP mode file for STMicroelectronics.FP-SNS-MOTENVWB1.1.4.0
2025-02-17 11:10:20,924 [WARN] PackLoader:240 - Cannot read IP mode file for STMicroelectronics.FP-ATR-ASTRA1.2.0.1
2025-02-17 11:10:20,953 [WARN] PackLoader:240 - Cannot read IP mode file for STMicroelectronics.X-CUBE-SMBUS.2.1.0
2025-02-17 11:10:20,978 [WARN] PackLoader:240 - Cannot read IP mode file for STMicroelectronics.X-CUBE-WB05N.1.1.0
2025-02-17 11:10:21,010 [WARN] PackLoader:240 - Cannot read IP mode file for STMicroelectronics.X-CUBE-TOUCHGFX.4.23.2
2025-02-17 11:10:21,098 [INFO] WebApp:186 - Connection restablished
2025-02-17 11:10:21,340 [WARN] PackLoader:240 - Cannot read IP mode file for STMicroelectronics.X-CUBE-AZRTOS-F7.1.1.0
2025-02-17 11:10:21,477 [WARN] PackLoader:240 - Cannot read IP mode file for STMicroelectronics.X-CUBE-MEMS1.11.0.0
2025-02-17 11:10:21,795 [WARN] PackLoader:240 - Cannot read IP mode file for STMicroelectronics.FP-SNS-FLIGHT1.5.0.2
2025-02-17 11:10:21,811 [WARN] PackLoader:240 - Cannot read IP mode file for STMicroelectronics.X-CUBE-DISPLAY.3.0.0
2025-02-17 11:10:21,829 [WARN] PackLoader:240 - Cannot read IP mode file for STMicroelectronics.X-CUBE-BLE1.7.0.0
2025-02-17 11:10:21,839 [WARN] PackLoader:240 - Cannot read IP mode file for STMicroelectronics.X-CUBE-NFC10.1.0.0
2025-02-17 11:10:21,857 [WARN] PackLoader:240 - Cannot read IP mode file for STMicroelectronics.X-CUBE-BLEMGR.4.0.0
2025-02-17 11:10:21,870 [WARN] PackLoader:240 - Cannot read IP mode file for emotas.I-CUBE-CANOPEN.1.3.0
2025-02-17 11:10:21,883 [WARN] PackLoader:240 - Cannot read IP mode file for STMicroelectronics.X-CUBE-BLEMGR.3.1.0
2025-02-17 11:10:21,898 [WARN] PackLoader:240 - Cannot read IP mode file for STMicroelectronics.X-CUBE-AI.10.0.0
2025-02-17 11:10:21,909 [WARN] PackLoader:240 - Cannot read IP mode file for STMicroelectronics.FP-SNS-SMARTAG2.1.2.0
2025-02-17 11:10:21,941 [INFO] WebApp:220 - Starting web application
2025-02-17 11:10:21,942 [INFO] WebApp:578 - Web application path used C:\ST\STM32CubeIDE_1.16.1\STM32CubeIDE\plugins\com.st.stm32cube.common.mx_6.12.1.202409122256\db\plugins\mcufinder\reactClient1\index.html
2025-02-17 11:10:22,004 [WARN] PackLoader:240 - Cannot read IP mode file for STMicroelectronics.X-CUBE-MEMS1.11.1.0
2025-02-17 11:10:22,285 [INFO] LogOutputStream:77 - [STDOUT_REDIRECT] 1 : Invalid condition id : UX_CORESTACK_Condition cause : null
2025-02-17 11:10:22,286 [INFO] LogOutputStream:77 - [STDOUT_REDIRECT] 1 : Invalid condition id : UX_CORESTACK_Condition cause : null
2025-02-17 11:10:22,287 [INFO] LogOutputStream:77 - [STDOUT_REDIRECT] 1 : Invalid condition id : UX_CORESTACK_Condition cause : null
2025-02-17 11:10:22,290 [INFO] LogOutputStream:77 - [STDOUT_REDIRECT] 1 : Invalid condition id : UX_CORESTACK_Condition cause : null
2025-02-17 11:10:22,293 [INFO] LogOutputStream:77 - [STDOUT_REDIRECT] 1 : Invalid condition id : UX_CORESTACK_Condition cause : null
2025-02-17 11:10:22,298 [WARN] PackLoader:240 - Cannot read IP mode file for STMicroelectronics.X-CUBE-AZRTOS-WL.2.0.0
2025-02-17 11:10:22,310 [WARN] PackLoader:240 - Cannot read IP mode file for STMicroelectronics.FP-SNS-MOTENV1.5.0.0
2025-02-17 11:10:22,321 [WARN] PackLoader:240 - Cannot read IP mode file for wolfSSL.I-CUBE-wolfMQTT.1.19.0
2025-02-17 11:10:22,338 [WARN] PackLoader:240 - Cannot read IP mode file for WES.I-CUBE-Cesium.1.3.0
2025-02-17 11:10:22,349 [WARN] PackLoader:240 - Cannot read IP mode file for STMicroelectronics.X-CUBE-BLE2.3.3.0
2025-02-17 11:10:22,361 [WARN] PackLoader:240 - Cannot read IP mode file for STMicroelectronics.X-CUBE-NFC9.1.0.0
2025-02-17 11:10:22,377 [WARN] PackLoader:240 - Cannot read IP mode file for STMicroelectronics.X-CUBE-TCPP.4.1.0
2025-02-17 11:10:22,395 [INFO] UserAuth:417 - Internet connection configuration mode: 1
2025-02-17 11:10:22,414 [WARN] PackLoader:240 - Cannot read IP mode file for STMicroelectronics.X-CUBE-AZRTOS-G0.1.1.0
2025-02-17 11:10:22,430 [WARN] PackLoader:240 - Cannot read IP mode file for STMicroelectronics.X-CUBE-SAFEA1.1.2.2
2025-02-17 11:10:22,441 [WARN] PackLoader:240 - Cannot read IP mode file for STMicroelectronics.X-CUBE-NFC4.3.0.0
2025-02-17 11:10:22,457 [WARN] PackLoader:240 - Cannot read IP mode file for EmbeddedOffice.I-CUBE-FS-RTOS.1.0.1
2025-02-17 11:10:22,458 [ERROR] ConditionMgr:805 - Attr not supported : Dmpu
2025-02-17 11:10:22,458 [ERROR] ConditionMgr:805 - Attr not supported : Dmpu
2025-02-17 11:10:22,458 [ERROR] ConditionMgr:805 - Attr not supported : Dmpu
2025-02-17 11:10:22,458 [ERROR] ConditionMgr:805 - Attr not supported : Dmpu
2025-02-17 11:10:22,458 [ERROR] ConditionMgr:805 - Attr not supported : Dmpu
2025-02-17 11:10:22,458 [ERROR] ConditionMgr:805 - Attr not supported : Dmpu
2025-02-17 11:10:22,458 [ERROR] ConditionMgr:805 - Attr not supported : Dmpu
2025-02-17 11:10:22,458 [ERROR] ConditionMgr:805 - Attr not supported : Dmpu
2025-02-17 11:10:22,458 [ERROR] ConditionMgr:805 - Attr not supported : Dmpu
2025-02-17 11:10:22,459 [ERROR] ConditionMgr:805 - Attr not supported : Dmpu
2025-02-17 11:10:22,459 [ERROR] ConditionMgr:805 - Attr not supported : Dmpu
2025-02-17 11:10:22,459 [ERROR] ConditionMgr:805 - Attr not supported : Dmpu
2025-02-17 11:10:22,459 [ERROR] ConditionMgr:805 - Attr not supported : Dmpu
2025-02-17 11:10:22,460 [ERROR] ConditionMgr:805 - Attr not supported : Dmpu
2025-02-17 11:10:22,460 [ERROR] ConditionMgr:805 - Attr not supported : Dmpu
2025-02-17 11:10:22,460 [ERROR] ConditionMgr:805 - Attr not supported : Dmpu
2025-02-17 11:10:22,460 [ERROR] ConditionMgr:805 - Attr not supported : Dmpu
2025-02-17 11:10:22,460 [ERROR] ConditionMgr:805 - Attr not supported : Dmpu
2025-02-17 11:10:22,460 [ERROR] ConditionMgr:805 - Attr not supported : Dmpu
2025-02-17 11:10:22,460 [ERROR] ConditionMgr:805 - Attr not supported : Dmpu
2025-02-17 11:10:22,460 [ERROR] ConditionMgr:805 - Attr not supported : Dmpu
2025-02-17 11:10:22,460 [ERROR] ConditionMgr:805 - Attr not supported : Dmpu
2025-02-17 11:10:22,461 [ERROR] ConditionMgr:805 - Attr not supported : Dmpu
2025-02-17 11:10:22,461 [ERROR] ConditionMgr:805 - Attr not supported : Dmpu
2025-02-17 11:10:22,461 [ERROR] ConditionMgr:805 - Attr not supported : Dmpu
2025-02-17 11:10:22,461 [ERROR] ConditionMgr:805 - Attr not supported : Dmpu
2025-02-17 11:10:22,461 [ERROR] ConditionMgr:805 - Attr not supported : Dmpu
2025-02-17 11:10:22,461 [ERROR] ConditionMgr:805 - Attr not supported : Dmpu
2025-02-17 11:10:22,461 [ERROR] ConditionMgr:805 - Attr not supported : Dmpu
2025-02-17 11:10:22,461 [ERROR] ConditionMgr:805 - Attr not supported : Dmpu
2025-02-17 11:10:22,461 [ERROR] ConditionMgr:805 - Attr not supported : Dmpu
2025-02-17 11:10:22,462 [ERROR] ConditionMgr:805 - Attr not supported : Dmpu
2025-02-17 11:10:22,462 [ERROR] ConditionMgr:805 - Attr not supported : Dmpu
2025-02-17 11:10:22,462 [ERROR] ConditionMgr:805 - Attr not supported : Dmpu
2025-02-17 11:10:22,462 [ERROR] ConditionMgr:805 - Attr not supported : Dmpu
2025-02-17 11:10:22,462 [ERROR] ConditionMgr:805 - Attr not supported : Dmpu
2025-02-17 11:10:22,462 [ERROR] ConditionMgr:805 - Attr not supported : Dmpu
2025-02-17 11:10:22,462 [ERROR] ConditionMgr:805 - Attr not supported : Dmpu
2025-02-17 11:10:22,462 [ERROR] ConditionMgr:805 - Attr not supported : Dmpu
2025-02-17 11:10:22,462 [ERROR] ConditionMgr:805 - Attr not supported : Dmpu
2025-02-17 11:10:22,462 [ERROR] ConditionMgr:805 - Attr not supported : Dmpu
2025-02-17 11:10:22,463 [ERROR] ConditionMgr:805 - Attr not supported : Dmpu
2025-02-17 11:10:22,463 [ERROR] ConditionMgr:805 - Attr not supported : Dmpu
2025-02-17 11:10:22,463 [ERROR] ConditionMgr:805 - Attr not supported : Dmpu
2025-02-17 11:10:22,463 [ERROR] ConditionMgr:805 - Attr not supported : Dmpu
2025-02-17 11:10:22,463 [ERROR] ConditionMgr:805 - Attr not supported : Dmpu
2025-02-17 11:10:22,463 [ERROR] ConditionMgr:805 - Attr not supported : Dmpu
2025-02-17 11:10:22,463 [ERROR] ConditionMgr:805 - Attr not supported : Dmpu
2025-02-17 11:10:22,463 [ERROR] ConditionMgr:805 - Attr not supported : Dmpu
2025-02-17 11:10:22,463 [ERROR] ConditionMgr:805 - Attr not supported : Dmpu
2025-02-17 11:10:22,463 [ERROR] ConditionMgr:805 - Attr not supported : Dmpu
2025-02-17 11:10:22,463 [ERROR] ConditionMgr:805 - Attr not supported : Dmpu
2025-02-17 11:10:22,464 [ERROR] ConditionMgr:805 - Attr not supported : Dmpu
2025-02-17 11:10:22,464 [ERROR] ConditionMgr:805 - Attr not supported : Dmpu
2025-02-17 11:10:22,464 [ERROR] ConditionMgr:805 - Attr not supported : Dmpu
2025-02-17 11:10:22,464 [ERROR] ConditionMgr:805 - Attr not supported : Dmpu
2025-02-17 11:10:22,464 [ERROR] ConditionMgr:805 - Attr not supported : Dmpu
2025-02-17 11:10:22,464 [ERROR] ConditionMgr:805 - Attr not supported : Dmpu
2025-02-17 11:10:22,464 [ERROR] ConditionMgr:805 - Attr not supported : Dmpu
2025-02-17 11:10:22,464 [ERROR] ConditionMgr:805 - Attr not supported : Dmpu
2025-02-17 11:10:22,465 [ERROR] ConditionMgr:805 - Attr not supported : Dmpu
2025-02-17 11:10:22,465 [ERROR] ConditionMgr:805 - Attr not supported : Dmpu
2025-02-17 11:10:22,465 [ERROR] ConditionMgr:805 - Attr not supported : Dmpu
2025-02-17 11:10:22,465 [ERROR] ConditionMgr:805 - Attr not supported : Dmpu
2025-02-17 11:10:22,493 [ERROR] Engine:466 - C:\Users\buikh\.stm32cubemx\thirdparties\pdsc\STMicroelectronics.X-CUBE-TCPP.4.2.0.pdsc: PDSC version is not supported
2025-02-17 11:10:22,503 [WARN] PackLoader:240 - Cannot read IP mode file for RealThread.X-CUBE-RT-Thread_Nano.4.1.1
2025-02-17 11:10:22,509 [WARN] PackLoader:240 - Cannot read IP mode file for STMicroelectronics.FP-ATR-SIGFOX1.3.2.0
2025-02-17 11:10:22,532 [WARN] PackLoader:240 - Cannot read IP mode file for wolfSSL.I-CUBE-wolfSSL.5.7.2
2025-02-17 11:10:22,545 [WARN] ConditionMgr:438 - getConditionDescription Invalid condition id : Cortex-A Device cause : null
2025-02-17 11:10:22,598 [WARN] ConditionMgr:1039 - genDependencies : Invalid condition id : Cortex-A Device cause : null
2025-02-17 11:10:22,599 [WARN] ConditionMgr:1039 - genDependencies : Invalid condition id : Cortex-A Device cause : null
2025-02-17 11:10:22,599 [WARN] ConditionMgr:1039 - genDependencies : Invalid condition id : Cortex-A Device cause : null
2025-02-17 11:10:22,612 [WARN] PackLoader:240 - Cannot read IP mode file for STMicroelectronics.X-CUBE-EEPRMA1.5.1.0
2025-02-17 11:10:22,628 [WARN] PackLoader:240 - Cannot read IP mode file for ITTIA_DB.I-CUBE-ITTIADB.8.9.0
2025-02-17 11:10:22,695 [WARN] PackLoader:240 - Cannot read IP mode file for SEGGER.I-CUBE-embOS.1.3.1
2025-02-17 11:10:22,781 [WARN] PackLoader:240 - Cannot read IP mode file for STMicroelectronics.X-CUBE-ALGOBUILD.1.4.0
2025-02-17 11:10:22,789 [WARN] PackLoader:240 - Cannot read IP mode file for STMicroelectronics.X-CUBE-AI.9.1.0
2025-02-17 11:10:22,814 [WARN] PackLoader:240 - Cannot read IP mode file for STMicroelectronics.X-CUBE-AZRTOS-F4.1.1.0
2025-02-17 11:10:22,827 [WARN] PackLoader:240 - Cannot read IP mode file for STMicroelectronics.X-CUBE-ISPU.2.1.0
2025-02-17 11:10:22,840 [WARN] PackLoader:240 - Cannot read IP mode file for STMicroelectronics.X-CUBE-FREERTOS.1.2.0
2025-02-17 11:10:22,864 [WARN] PackLoader:240 - Cannot read IP mode file for STMicroelectronics.X-CUBE-AZRTOS-L5.2.0.0
2025-02-17 11:10:22,882 [WARN] PackLoader:240 - Cannot read IP mode file for STMicroelectronics.X-CUBE-NFC6.3.1.0
2025-02-17 11:10:22,908 [WARN] PackLoader:240 - Cannot read IP mode file for STMicroelectronics.X-CUBE-DPower.1.2.0
2025-02-17 11:10:22,917 [WARN] PackLoader:240 - Cannot read IP mode file for STMicroelectronics.X-CUBE-FREERTOS.1.3.0
2025-02-17 11:10:22,926 [WARN] PackLoader:240 - Cannot read IP mode file for STMicroelectronics.X-CUBE-NFC7.1.0.1
2025-02-17 11:10:22,961 [WARN] ConditionMgr:438 - getConditionDescription Invalid condition id : LAN8742 Phy interface Condition cause : null
2025-02-17 11:10:22,962 [WARN] PackLoader:240 - Cannot read IP mode file for STMicroelectronics.X-CUBE-AZRTOS-L4.2.0.0
2025-02-17 11:10:22,963 [WARN] ConditionMgr:1039 - genDependencies : Invalid condition id : LAN8742 Phy interface Condition cause : null
2025-02-17 11:10:22,964 [WARN] ConditionMgr:1039 - genDependencies : Invalid condition id : LAN8742 Phy interface Condition cause : null
2025-02-17 11:10:22,964 [WARN] ConditionMgr:1039 - genDependencies : Invalid condition id : LAN8742 Phy interface Condition cause : null
2025-02-17 11:10:22,979 [WARN] PackLoader:240 - Cannot read IP mode file for STMicroelectronics.X-CUBE-SFXS2LP1.4.0.0
2025-02-17 11:10:23,031 [WARN] PackLoader:240 - Cannot read IP mode file for STMicroelectronics.X-CUBE-AZRTOS-H7.3.3.0
2025-02-17 11:10:23,059 [WARN] PackLoader:240 - Cannot read IP mode file for STMicroelectronics.X-CUBE-IPS.3.0.0
2025-02-17 11:10:23,091 [WARN] ConditionMgr:438 - getConditionDescription Invalid condition id : UX DEVICE CLASS RTOS Condition cause : null
2025-02-17 11:10:23,091 [WARN] ConditionMgr:438 - getConditionDescription Invalid condition id : UX DEVICE CLASS RTOS Condition cause : null
2025-02-17 11:10:23,094 [WARN] PackLoader:240 - Cannot read IP mode file for STMicroelectronics.X-CUBE-AZRTOS-WB.2.0.0
2025-02-17 11:10:23,095 [WARN] ConditionMgr:1039 - genDependencies : Invalid condition id : UX DEVICE CLASS RTOS Condition cause : null
2025-02-17 11:10:23,095 [WARN] ConditionMgr:1039 - genDependencies : Invalid condition id : UX DEVICE CLASS RTOS Condition cause : null
2025-02-17 11:10:23,096 [WARN] ConditionMgr:1039 - genDependencies : Invalid condition id : UX DEVICE CLASS RTOS Condition cause : null
2025-02-17 11:10:23,096 [WARN] ConditionMgr:1039 - genDependencies : Invalid condition id : UX DEVICE CLASS RTOS Condition cause : null
2025-02-17 11:10:23,096 [WARN] ConditionMgr:1039 - genDependencies : Invalid condition id : UX DEVICE CLASS RTOS Condition cause : null
2025-02-17 11:10:23,107 [WARN] PackLoader:240 - Cannot read IP mode file for STMicroelectronics.X-CUBE-GNSS1.7.0.0
2025-02-17 11:10:23,117 [WARN] PackLoader:240 - Cannot read IP mode file for STMicroelectronics.X-CUBE-GNSS1.7.0.1
2025-02-17 11:10:23,129 [WARN] PackLoader:240 - Cannot read IP mode file for STMicroelectronics.FP-SNS-STBOX1.2.0.0
2025-02-17 11:10:23,147 [WARN] PackLoader:240 - Cannot read IP mode file for STMicroelectronics.X-CUBE-SUBG2.5.0.0
2025-02-17 11:10:23,161 [WARN] PackLoader:240 - Cannot read IP mode file for Cesanta.I-CUBE-Mongoose.7.13.0
2025-02-17 11:10:23,187 [WARN] PackLoader:240 - Cannot read IP mode file for STMicroelectronics.X-CUBE-AZRTOS-G4.2.0.0
2025-02-17 11:10:23,194 [WARN] PackLoader:240 - Cannot read IP mode file for STMicroelectronics.X-CUBE-ALS.1.0.2
2025-02-17 11:10:23,199 [WARN] PackLoader:240 - Cannot read IP mode file for STMicroelectronics.X-CUBE-TOUCHGFX.4.24.2
2025-02-17 11:10:23,207 [WARN] PackLoader:240 - Cannot read IP mode file for STMicroelectronics.X-CUBE-TOUCHGFX.4.24.1
2025-02-17 11:10:23,212 [WARN] PackLoader:240 - Cannot read IP mode file for wolfSSL.I-CUBE-wolfTPM.3.4.0
2025-02-17 11:10:23,223 [WARN] PackLoader:240 - Cannot read IP mode file for portGmbH.I-Cube-SoM-uGOAL.1.1.0
2025-02-17 11:10:23,249 [WARN] PackLoader:240 - Cannot read IP mode file for STMicroelectronics.X-CUBE-AZRTOS-H7RS.1.0.0
2025-02-17 11:10:23,260 [WARN] PackLoader:240 - Cannot read IP mode file for STMicroelectronics.FP-ATR-ASTRA1.2.0.0
2025-02-17 11:10:23,282 [WARN] PackLoader:240 - Cannot read IP mode file for STMicroelectronics.X-CUBE-TOF1.3.4.2
2025-02-17 11:10:23,327 [WARN] PackLoader:240 - Cannot read IP mode file for Infineon.AIROC-Wi-Fi-Bluetooth-STM32.1.6.1
2025-02-17 11:10:23,339 [WARN] PackLoader:240 - Cannot read IP mode file for wolfSSL.I-CUBE-wolfSSH.1.4.17
2025-02-17 11:10:23,340 [INFO] ThirdParty:978 - Integrity check success = true
2025-02-17 11:10:23,340 [INFO] IntegrityCheckThread:100 - exiting critical section [integrity check]
2025-02-17 11:10:23,340 [INFO] IntegrityCheckThread:103 - End integrity checks thread
2025-02-17 11:10:24,706 [ERROR] LogOutputStream:75 - [STDERR_REDIRECT] 
2025-02-17 11:10:24,707 [ERROR] LogOutputStream:75 - [STDERR_REDIRECT] 
